{
  "RSpec": {
    "coverage": {
      "/Users/foxjerem/MakersAcademy/bunch/app/helpers/addresses_helper.rb": [
        1,
        null
      ],
      "/Users/foxjerem/MakersAcademy/bunch/app/helpers/application_helper.rb": [
        1,
        null
      ],
      "/Users/foxjerem/MakersAcademy/bunch/app/helpers/midpoints_helper.rb": [
        1,
        null
      ],
      "/Users/foxjerem/MakersAcademy/bunch/app/controllers/addresses_controller.rb": [
        1,
        null,
        null
      ],
      "/Users/foxjerem/MakersAcademy/bunch/app/controllers/application_controller.rb": [
        1,
        null,
        null,
        1,
        null
      ],
      "/Users/foxjerem/MakersAcademy/bunch/app/controllers/midpoints_controller.rb": [
        1,
        null,
        1,
        null,
        null,
        null,
        1,
        0,
        0,
        null,
        null,
        1,
        0,
        0,
        0,
        null,
        null
      ],
      "/Users/foxjerem/MakersAcademy/bunch/app/models/address.rb": [
        1,
        1,
        null
      ],
      "/Users/foxjerem/MakersAcademy/bunch/app/models/calculators/journey_time_calculator.rb": [
        1,
        null,
        1,
        null,
        1,
        1,
        1,
        null,
        1,
        2,
        2,
        null,
        null,
        1,
        3,
        3,
        null,
        null,
        1,
        null,
        3,
        null,
        null,
        null,
        null,
        1,
        2,
        1,
        null,
        null,
        null
      ],
      "/Users/foxjerem/MakersAcademy/bunch/app/models/calculators/midpoint_calculator.rb": [
        1,
        null,
        1,
        5,
        null,
        5,
        null,
        null,
        null,
        1,
        5,
        5,
        5,
        null,
        null,
        null,
        null,
        1,
        10,
        null
      ],
      "/Users/foxjerem/MakersAcademy/bunch/app/models/coordinate.rb": [
        1,
        null,
        1,
        null,
        1,
        9,
        9,
        null,
        null,
        null
      ],
      "/Users/foxjerem/MakersAcademy/bunch/app/models/midpoint.rb": [
        1,
        1,
        null,
        1,
        null
      ]
    },
    "timestamp": 1409582754
  }
}
